events.js:167
      throw er; // Unhandled 'error' event
      ^

Error: listen EADDRINUSE :::3334
    at Server.setupListenHandle [as _listen2] (net.js:1336:14)
    at listenInCluster (net.js:1384:12)
    at Server.listen (net.js:1471:7)
    at Object.<anonymous> (/var/www/html/rmsproject/server.js:8:8)
    at Module._compile (internal/modules/cjs/loader.js:689:30)
    at Object.Module._extensions..js (internal/modules/cjs/loader.js:700:10)
    at Module.load (internal/modules/cjs/loader.js:599:32)
    at tryModuleLoad (internal/modules/cjs/loader.js:538:12)
    at Function.Module._load (internal/modules/cjs/loader.js:530:3)
    at Function.Module.runMain (internal/modules/cjs/loader.js:742:12)
Emitted 'error' event at:
    at emitErrorNT (net.js:1363:8)
    at process._tickCallback (internal/process/next_tick.js:63:19)
    at Function.Module.runMain (internal/modules/cjs/loader.js:745:11)
    at startup (internal/bootstrap/node.js:266:19)
    at bootstrapNodeJSCore (internal/bootstrap/node.js:596:3)
Server listening at port 3334
Socket Connected!!!
Socket Connected!!!
Socket Connected!!!
Start Cooking
Success Order Create
Socket Connected!!!
Socket Connected!!!
Socket Connected!!!
Socket Connected!!!
Socket Connected!!!
Socket Connected!!!
Socket Connected!!!
Socket Connected!!!
Socket Connected!!!
Start Cooking
Start Cooking
Start Cooking
Socket Connected!!!
Socket Connect Cooking Complete
